<?xml version="1.0" encoding="UTF-8"?>
<!-- Generated by org.testng.reporters.JUnitReportReporter -->
<testsuite skipped="0" hostname="DESKTOP-81OO9KQ" name="BasicsPractice.ClassAnnotationsPractice" tests="3" failures="0" timestamp="2022-09-20T23:24:05 IST" time="0.014" errors="0">
  <testcase name="profilepage" time="0.008" classname="BasicsPractice.ClassAnnotationsPractice"/>
  <system-out>
    <![CDATA[Checking the profilepage]]>
  </system-out>
  <testcase name="notificationpage" time="0.002" classname="BasicsPractice.ClassAnnotationsPractice"/>
  <system-out>
    <![CDATA[Checking the notification page]]>
  </system-out>
  <testcase name="homepage" time="0.004" classname="BasicsPractice.ClassAnnotationsPractice"/>
  <system-out>
    <![CDATA[Checking the homepage]]>
  </system-out>
</testsuite> <!-- BasicsPractice.ClassAnnotationsPractice -->
