<?xml version="1.0" encoding="UTF-8"?>
<!-- Generated by org.testng.reporters.JUnitReportReporter -->
<testsuite skipped="0" hostname="DESKTOP-81OO9KQ" name="GroupingPractice.TestCase1" tests="1" failures="0" timestamp="2022-09-23T13:39:57 IST" time="0.009" errors="0">
  <testcase name="Test1" time="0.009" classname="GroupingPractice.TestCase1"/>
  <system-out/>
</testsuite> <!-- GroupingPractice.TestCase1 -->
