<?xml version="1.0" encoding="UTF-8"?>
<!-- Generated by org.testng.reporters.JUnitReportReporter -->
<testsuite skipped="0" hostname="DESKTOP-81OO9KQ" name="TestAnnotationPractice.TestCase1" tests="3" failures="0" timestamp="2022-09-21T14:16:24 IST" time="0.008" errors="0">
  <testcase name="m3" time="0.002" classname="TestAnnotationPractice.TestCase1"/>
  <system-out/>
  <testcase name="m2" time="0.003" classname="TestAnnotationPractice.TestCase1"/>
  <system-out/>
  <testcase name="m1" time="0.003" classname="TestAnnotationPractice.TestCase1"/>
  <system-out/>
</testsuite> <!-- TestAnnotationPractice.TestCase1 -->
