<?xml version="1.0" encoding="UTF-8"?>
<!-- Generated by org.testng.reporters.JUnitReportReporter -->
<testsuite skipped="0" hostname="DESKTOP-81OO9KQ" name="KeywordsPractice.InvocationCountWithThreadPoolSizePractice" tests="5" failures="0" timestamp="2022-09-22T15:44:19 IST" time="290.305" errors="0">
  <testcase name="OpenBrowser" time="59.024" classname="KeywordsPractice.InvocationCountWithThreadPoolSizePractice"/>
  <system-out/>
  <testcase name="OpenBrowser" time="58.312" classname="KeywordsPractice.InvocationCountWithThreadPoolSizePractice"/>
  <system-out/>
  <testcase name="OpenBrowser" time="57.615" classname="KeywordsPractice.InvocationCountWithThreadPoolSizePractice"/>
  <system-out/>
  <testcase name="OpenBrowser" time="57.615" classname="KeywordsPractice.InvocationCountWithThreadPoolSizePractice"/>
  <system-out/>
  <testcase name="OpenBrowser" time="57.739" classname="KeywordsPractice.InvocationCountWithThreadPoolSizePractice"/>
  <system-out/>
</testsuite> <!-- KeywordsPractice.InvocationCountWithThreadPoolSizePractice -->
