<?xml version="1.0" encoding="UTF-8"?>
<!-- Generated by org.testng.reporters.JUnitReportReporter -->
<testsuite skipped="0" hostname="DESKTOP-81OO9KQ" name="SuitAnnotationPractice.TestCase2" tests="3" failures="0" timestamp="2022-09-22T19:47:05 IST" time="0.016" errors="0">
  <testcase name="m5" time="0.009" classname="SuitAnnotationPractice.TestCase2"/>
  <system-out/>
  <testcase name="m4" time="0.002" classname="SuitAnnotationPractice.TestCase2"/>
  <system-out/>
  <testcase name="m6" time="0.005" classname="SuitAnnotationPractice.TestCase2"/>
  <system-out/>
</testsuite> <!-- SuitAnnotationPractice.TestCase2 -->
