<?xml version="1.0" encoding="UTF-8"?>
<!-- Generated by org.testng.reporters.JUnitReportReporter -->
<testsuite skipped="0" hostname="DESKTOP-81OO9KQ" name="ClassPractice.TestCase2" tests="3" failures="0" timestamp="2022-09-21T12:59:53 IST" time="0.015" errors="0">
  <testcase name="m4" time="0.010" classname="ClassPractice.TestCase2"/>
  <system-out/>
  <testcase name="m5" time="0.004" classname="ClassPractice.TestCase2"/>
  <system-out/>
  <testcase name="m6" time="0.001" classname="ClassPractice.TestCase2"/>
  <system-out/>
</testsuite> <!-- ClassPractice.TestCase2 -->
