<?xml version="1.0" encoding="UTF-8"?>
<!-- Generated by org.testng.reporters.JUnitReportReporter -->
<testsuite skipped="0" hostname="DESKTOP-81OO9KQ" name="VerificationPractice.BasicVerificationPractice" tests="1" failures="0" timestamp="2022-09-28T22:02:34 IST" time="0.016" errors="0">
  <testcase name="Test4" time="0.016" classname="VerificationPractice.BasicVerificationPractice"/>
  <system-out/>
</testsuite> <!-- VerificationPractice.BasicVerificationPractice -->
