<?xml version="1.0" encoding="UTF-8"?>
<!-- Generated by org.testng.reporters.JUnitReportReporter -->
<testsuite skipped="0" hostname="DESKTOP-81OO9KQ" name="SuitAnnotationPractice.TestCase1" tests="3" failures="0" timestamp="2022-09-22T19:47:05 IST" time="0.032" errors="0">
  <testcase name="m2" time="0.009" classname="SuitAnnotationPractice.TestCase1"/>
  <system-out/>
  <testcase name="m1" time="0.014" classname="SuitAnnotationPractice.TestCase1"/>
  <system-out/>
  <testcase name="m3" time="0.009" classname="SuitAnnotationPractice.TestCase1"/>
  <system-out/>
</testsuite> <!-- SuitAnnotationPractice.TestCase1 -->
