<?xml version="1.0" encoding="UTF-8"?>
<!-- Generated by org.testng.reporters.JUnitReportReporter -->
<testsuite skipped="0" hostname="DESKTOP-81OO9KQ" name="KeywordsPractice.InvocationCountPractice" tests="6" failures="0" timestamp="2022-09-22T14:21:47 IST" time="0.032" errors="0">
  <testcase name="HomePageTest" time="0.013" classname="KeywordsPractice.InvocationCountPractice"/>
  <system-out/>
  <testcase name="NotificationPageTest" time="0.004" classname="KeywordsPractice.InvocationCountPractice"/>
  <system-out/>
  <testcase name="NotificationPageTest" time="0.004" classname="KeywordsPractice.InvocationCountPractice"/>
  <system-out/>
  <testcase name="NotificationPageTest" time="0.004" classname="KeywordsPractice.InvocationCountPractice"/>
  <system-out/>
  <testcase name="NotificationPageTest" time="0.003" classname="KeywordsPractice.InvocationCountPractice"/>
  <system-out/>
  <testcase name="NotificationPageTest" time="0.004" classname="KeywordsPractice.InvocationCountPractice"/>
  <system-out/>
</testsuite> <!-- KeywordsPractice.InvocationCountPractice -->
