<?xml version="1.0" encoding="UTF-8"?>
<!-- Generated by org.testng.reporters.JUnitReportReporter -->
<testsuite skipped="0" hostname="DESKTOP-81OO9KQ" name="ParameterizationCrossBrowserPractice.AllBrowsers" tests="10" failures="0" timestamp="2022-09-29T15:35:22 IST" time="101.933" errors="0">
  <testcase name="crossBrowserTesting" time="67.375" classname="ParameterizationCrossBrowserPractice.AllBrowsers"/>
  <system-out/>
  <testcase name="crossBrowserTesting" time="21.392" classname="ParameterizationCrossBrowserPractice.AllBrowsers"/>
  <system-out/>
  <testcase name="VerifyCurrentUrl" time="0.086" classname="ParameterizationCrossBrowserPractice.AllBrowsers"/>
  <system-out/>
  <testcase name="VerifyCurrentUrl" time="0.024" classname="ParameterizationCrossBrowserPractice.AllBrowsers"/>
  <system-out/>
  <testcase name="VerifyUserNameField" time="4.036" classname="ParameterizationCrossBrowserPractice.AllBrowsers"/>
  <system-out/>
  <testcase name="VerifyUserNameField" time="1.134" classname="ParameterizationCrossBrowserPractice.AllBrowsers"/>
  <system-out/>
  <testcase name="VerifyPasswordField" time="0.479" classname="ParameterizationCrossBrowserPractice.AllBrowsers"/>
  <system-out/>
  <testcase name="VerifyPasswordField" time="0.789" classname="ParameterizationCrossBrowserPractice.AllBrowsers"/>
  <system-out/>
  <testcase name="ClickLoginButton" time="0.126" classname="ParameterizationCrossBrowserPractice.AllBrowsers"/>
  <system-out/>
  <testcase name="ClickLoginButton" time="6.492" classname="ParameterizationCrossBrowserPractice.AllBrowsers"/>
  <system-out/>
</testsuite> <!-- ParameterizationCrossBrowserPractice.AllBrowsers -->
