<?xml version="1.0" encoding="UTF-8"?>
<!-- Generated by org.testng.reporters.JUnitReportReporter -->
<testsuite skipped="0" hostname="DESKTOP-81OO9KQ" name="TestAnnotationPractice.TestCase2" tests="3" failures="0" timestamp="2022-09-21T14:16:24 IST" time="0.015" errors="0">
  <testcase name="m5" time="0.002" classname="TestAnnotationPractice.TestCase2"/>
  <system-out/>
  <testcase name="m6" time="0.002" classname="TestAnnotationPractice.TestCase2"/>
  <system-out/>
  <testcase name="m4" time="0.011" classname="TestAnnotationPractice.TestCase2"/>
  <system-out/>
</testsuite> <!-- TestAnnotationPractice.TestCase2 -->
