<?xml version="1.0" encoding="UTF-8"?>
<!-- Generated by org.testng.reporters.JUnitReportReporter -->
<testsuite skipped="0" hostname="DESKTOP-81OO9KQ" name="BasicsPractice.BeforemethodAfterMethodPractice" tests="3" failures="0" timestamp="2022-09-22T13:09:39 IST" time="0.022" errors="0">
  <testcase name="profilepage" time="0.010" classname="BasicsPractice.BeforemethodAfterMethodPractice"/>
  <system-out>
    <![CDATA[Checking the profilepage]]>
  </system-out>
  <testcase name="notificationpage" time="0.010" classname="BasicsPractice.BeforemethodAfterMethodPractice"/>
  <system-out>
    <![CDATA[Checking the notification page]]>
  </system-out>
  <testcase name="homepage" time="0.002" classname="BasicsPractice.BeforemethodAfterMethodPractice"/>
  <system-out>
    <![CDATA[Checking the homepage]]>
  </system-out>
</testsuite> <!-- BasicsPractice.BeforemethodAfterMethodPractice -->
