<?xml version="1.0" encoding="UTF-8"?>
<!-- Generated by org.testng.reporters.JUnitReportReporter -->
<testsuite skipped="0" hostname="DESKTOP-81OO9KQ" name="BasicsPractice.Basics" tests="3" failures="0" timestamp="2022-09-20T00:11:23 IST" time="0.021" errors="0">
  <testcase name="openurl" time="0.011" classname="BasicsPractice.Basics"/>
  <system-out/>
  <testcase name="login" time="0.003" classname="BasicsPractice.Basics"/>
  <system-out/>
  <testcase name="logout" time="0.007" classname="BasicsPractice.Basics"/>
  <system-out/>
</testsuite> <!-- BasicsPractice.Basics -->
