<?xml version="1.0" encoding="UTF-8"?>
<!-- Generated by org.testng.reporters.JUnitReportReporter -->
<testsuite skipped="1" hostname="DESKTOP-81OO9KQ" name="KeywordsPractice.EnabledKeywordPractice" tests="3" failures="0" timestamp="2022-09-22T14:07:35 IST" time="0.012" errors="0">
  <testcase name="HomePageTest" time="0.009" classname="KeywordsPractice.EnabledKeywordPractice"/>
  <system-out/>
  <testcase name="SettingPageTest" time="0.003" classname="KeywordsPractice.EnabledKeywordPractice"/>
  <system-out/>
  <testcase name="NotificationPageTest" classname="KeywordsPractice.EnabledKeywordPractice">
    <skipped/>
  </testcase> <!-- NotificationPageTest -->
  <system-out/>
</testsuite> <!-- KeywordsPractice.EnabledKeywordPractice -->
