<?xml version="1.0" encoding="UTF-8"?>
<!-- Generated by org.testng.reporters.JUnitReportReporter -->
<testsuite skipped="0" hostname="DESKTOP-81OO9KQ" name="ClassPractice.TestCase1" tests="3" failures="0" timestamp="2022-09-21T12:59:53 IST" time="0.004" errors="0">
  <testcase name="m2" time="0.001" classname="ClassPractice.TestCase1"/>
  <system-out/>
  <testcase name="m3" time="0.002" classname="ClassPractice.TestCase1"/>
  <system-out/>
  <testcase name="m1" time="0.001" classname="ClassPractice.TestCase1"/>
  <system-out/>
</testsuite> <!-- ClassPractice.TestCase1 -->
